
> senjr@0.1.0 build
> next build

▲ Next.js 16.2.1 (Turbopack)
- Environments: .env.local

⚠ The "middleware" file convention is deprecated. Please use "proxy" instead. Learn more: https://nextjs.org/docs/messages/middleware-to-proxy
  Creating an optimized production build ...

> Build error occurred
Error: Turbopack build failed with 1 errors:
./src/utils/supabase/server.ts:2:1
You're importing a module that depends on "next/headers". This API is only available in Server Components in the App Router, but you are using it in the Pages Router.
    Learn more: https://nextjs.org/docs/app/building-your-application/rendering/server-components
  [90m1 |[0m [36mimport[0m { createServerClient } [36mfrom[0m [32m'@supabase/ssr'[0m
[31m[1m>[0m [90m2 |[0m [36mimport[0m { cookies } [36mfrom[0m [32m'next/headers'[0m
  [90m  |[0m [31m[1m^^^^^^^^^^^^^^^^^^^^^^^^^^^^^^^^^^^^^^[0m
  [90m3 |[0m
  [90m4 |[0m [36mfunction[0m getEnvVar(name: string): string {
  [90m5 |[0m   [36mconst[0m value = process.env[name]

Ecmascript file had an error

Import traces:
  #1 [Server Component]:
    ./src/utils/supabase/server.ts
    ./src/app/actions/booking.ts

  #2 [Server Component]:
    ./src/utils/supabase/server.ts
    ./src/app/page.tsx

  #3 [Client Component Browser]:
    ./src/utils/supabase/server.ts [Client Component Browser]
    ./src/components/ui/Navbar.tsx [Client Component Browser]
    ./src/app/(app)/mentors/page.tsx [Client Component Browser]
    ./src/app/(app)/mentors/page.tsx [Server Component]

  #4 [Client Component SSR]:
    ./src/utils/supabase/server.ts [Client Component SSR]
    ./src/components/ui/Navbar.tsx [Client Component SSR]
    ./src/app/(app)/mentors/page.tsx [Client Component SSR]
    ./src/app/(app)/mentors/page.tsx [Server Component]


    at <unknown> (./src/utils/supabase/server.ts:2:1)
